<?xml version="1.0" encoding="UTF-8"?>
<!-- Generated by org.testng.reporters.JUnitReportReporter -->
<testsuite hostname="DESKTOP-6AT82SO" name="com.automation.test.smoke.login" tests="1" failures="0" timestamp="12 Feb 2018 07:29:21 GMT" time="14.618" errors="0">
  <testcase name="testRegister" time="14.618" classname="com.automation.test.smoke.login"/>
</testsuite> <!-- com.automation.test.smoke.login -->
