<?xml version="1.0" encoding="UTF-8"?>
<!-- Generated by org.testng.reporters.JUnitReportReporter -->
<testsuite hostname="DESKTOP-6AT82SO" name="com.automation.test.smoke.singin" tests="1" failures="0" timestamp="17 Feb 2018 17:15:06 GMT" time="17.117" errors="0">
  <testcase name="testSin" time="17.117" classname="com.automation.test.smoke.singin"/>
</testsuite> <!-- com.automation.test.smoke.singin -->
